<?xml version="1.0" encoding="UTF-8"?>
<testsuite xmlns:xsi="http://www.w3.org/2001/XMLSchema-instance" xsi:noNamespaceSchemaLocation="https://maven.apache.org/surefire/maven-surefire-plugin/xsd/surefire-test-report.xsd" name="br.com.bytescorp.demo.EstudanteEndpointTest" time="5.193" tests="6" errors="2" skipped="0" failures="0">
  <properties>
[...]
</properties>
  <testcase name="obterEstudanteQuandoUsuarioESenhaEstivremCorretosRetornandoStatusCode200" classname="br.com.bytescorp.demo.EstudanteEndpointTest" time="0.051">
    <error message="I/O error on GET request for &quot;http://localhost:8080/v1/usuario/estudantes/15&quot;: Connection refused; nested exception is java.net.ConnectException: Connection refused" type="org.springframework.web.client.ResourceAccessException">org.springframework.web.client.ResourceAccessException: I/O error on GET request for "http://localhost:8080/v1/usuario/estudantes/15": Connection refused; nested exception is java.net.ConnectException: Connection refused
	at br.com.bytescorp.demo.EstudanteEndpointTest.obterEstudanteQuandoUsuarioESenhaEstivremCorretosRetornandoStatusCode200(EstudanteEndpointTest.java:95)
Caused by: java.net.ConnectException: Connection refused
	at br.com.bytescorp.demo.EstudanteEndpointTest.obterEstudanteQuandoUsuarioESenhaEstivremCorretosRetornandoStatusCode200(EstudanteEndpointTest.java:95)
</error>
    <system-out><![CDATA[2020-07-21 22:28:08.707  INFO 78315 --- [           main] .b.t.c.SpringBootTestContextBootstrapper : Neither @ContextConfiguration nor @ContextHierarchy found for test class [br.com.bytescorp.demo.EstudanteEndpointTest], using SpringBootContextLoader
2020-07-21 22:28:08.709  INFO 78315 --- [           main] o.s.t.c.support.AbstractContextLoader    : Could not detect default resource locations for test class [br.com.bytescorp.demo.EstudanteEndpointTest]: no resource found for suffixes {-context.xml, Context.groovy}.
2020-07-21 22:28:08.719  INFO 78315 --- [           main] .b.t.c.SpringBootTestContextBootstrapper : Found @SpringBootConfiguration br.com.bytescorp.demo.DemonstracaoSprinBootApplication for test class br.com.bytescorp.demo.EstudanteEndpointTest
2020-07-21 22:28:08.725  INFO 78315 --- [           main] .b.t.c.SpringBootTestContextBootstrapper : Loaded default TestExecutionListener class names from location [META-INF/spring.factories]: [org.springframework.boot.test.mock.mockito.MockitoTestExecutionListener, org.springframework.boot.test.mock.mockito.ResetMocksTestExecutionListener, org.springframework.boot.test.autoconfigure.restdocs.RestDocsTestExecutionListener, org.springframework.boot.test.autoconfigure.web.client.MockRestServiceServerResetTestExecutionListener, org.springframework.boot.test.autoconfigure.web.servlet.MockMvcPrintOnlyOnFailureTestExecutionListener, org.springframework.boot.test.autoconfigure.web.servlet.WebDriverTestExecutionListener, org.springframework.boot.test.autoconfigure.webservices.client.MockWebServiceServerTestExecutionListener, org.springframework.test.context.web.ServletTestExecutionListener, org.springframework.test.context.support.DirtiesContextBeforeModesTestExecutionListener, org.springframework.test.context.support.DependencyInjectionTestExecutionListener, org.springframework.test.context.support.DirtiesContextTestExecutionListener, org.springframework.test.context.transaction.TransactionalTestExecutionListener, org.springframework.test.context.jdbc.SqlScriptsTestExecutionListener, org.springframework.test.context.event.EventPublishingTestExecutionListener, org.springframework.security.test.context.support.WithSecurityContextTestExecutionListener, org.springframework.security.test.context.support.ReactorContextTestExecutionListener]
2020-07-21 22:28:08.727  INFO 78315 --- [           main] .b.t.c.SpringBootTestContextBootstrapper : Using TestExecutionListeners: [org.springframework.test.context.web.ServletTestExecutionListener@6081f330, org.springframework.test.context.support.DirtiesContextBeforeModesTestExecutionListener@eb695e8, org.springframework.boot.test.mock.mockito.MockitoTestExecutionListener@7eebb316, org.springframework.boot.test.autoconfigure.SpringBootDependencyInjectionTestExecutionListener@45273d40, org.springframework.test.context.support.DirtiesContextTestExecutionListener@2a504ea7, org.springframework.test.context.transaction.TransactionalTestExecutionListener@10f397d0, org.springframework.test.context.jdbc.SqlScriptsTestExecutionListener@33a3e5db, org.springframework.test.context.event.EventPublishingTestExecutionListener@4f9213d2, org.springframework.security.test.context.support.WithSecurityContextTestExecutionListener@679f59f1, org.springframework.security.test.context.support.ReactorContextTestExecutionListener@6b5e1fc5, org.springframework.boot.test.mock.mockito.ResetMocksTestExecutionListener@47ffa248, org.springframework.boot.test.autoconfigure.restdocs.RestDocsTestExecutionListener@18ac25e6, org.springframework.boot.test.autoconfigure.web.client.MockRestServiceServerResetTestExecutionListener@5e1a7d3, org.springframework.boot.test.autoconfigure.web.servlet.MockMvcPrintOnlyOnFailureTestExecutionListener@1eda309d, org.springframework.boot.test.autoconfigure.web.servlet.WebDriverTestExecutionListener@248d2cec, org.springframework.boot.test.autoconfigure.webservices.client.MockWebServiceServerTestExecutionListener@5d77be8e]

  .   ____          _            __ _ _
 /\\ / ___'_ __ _ _(_)_ __  __ _ \ \ \ \
( ( )\___ | '_ | '_| | '_ \/ _` | \ \ \ \
 \\/  ___)| |_)| | | | | || (_| |  ) ) ) )
  '  |____| .__|_| |_|_| |_\__, | / / / /
 =========|_|==============|___/=/_/_/_/
 :: Spring Boot ::        (v2.3.1.RELEASE)

2020-07-21 22:28:08.794  INFO 78315 --- [           main] b.c.b.demo.EstudanteEndpointTest         : Starting EstudanteEndpointTest on iMac-de-Eden.local with PID 78315 (started by edenalencar in /Users/edenalencar/IdeaProjects/AprendendoSpringBootComInicializador)
2020-07-21 22:28:08.795  INFO 78315 --- [           main] b.c.b.demo.EstudanteEndpointTest         : No active profile set, falling back to default profiles: default
2020-07-21 22:28:09.465  INFO 78315 --- [           main] .s.d.r.c.RepositoryConfigurationDelegate : Bootstrapping Spring Data JPA repositories in DEFERRED mode.
2020-07-21 22:28:09.489  INFO 78315 --- [           main] .s.d.r.c.RepositoryConfigurationDelegate : Finished Spring Data repository scanning in 23ms. Found 2 JPA repository interfaces.
2020-07-21 22:28:09.918  INFO 78315 --- [           main] trationDelegate$BeanPostProcessorChecker : Bean 'org.springframework.security.access.expression.method.DefaultMethodSecurityExpressionHandler@3f2afa8b' of type [org.springframework.security.access.expression.method.DefaultMethodSecurityExpressionHandler] is not eligible for getting processed by all BeanPostProcessors (for example: not eligible for auto-proxying)
2020-07-21 22:28:09.933  INFO 78315 --- [           main] trationDelegate$BeanPostProcessorChecker : Bean 'methodSecurityMetadataSource' of type [org.springframework.security.access.method.DelegatingMethodSecurityMetadataSource] is not eligible for getting processed by all BeanPostProcessors (for example: not eligible for auto-proxying)
2020-07-21 22:28:10.345  INFO 78315 --- [           main] o.s.b.w.embedded.tomcat.TomcatWebServer  : Tomcat initialized with port(s): 0 (http)
2020-07-21 22:28:10.359  INFO 78315 --- [           main] o.apache.catalina.core.StandardService   : Starting service [Tomcat]
2020-07-21 22:28:10.360  INFO 78315 --- [           main] org.apache.catalina.core.StandardEngine  : Starting Servlet engine: [Apache Tomcat/9.0.36]
2020-07-21 22:28:10.519  INFO 78315 --- [           main] o.a.c.c.C.[Tomcat].[localhost].[/]       : Initializing Spring embedded WebApplicationContext
2020-07-21 22:28:10.519  INFO 78315 --- [           main] w.s.c.ServletWebServerApplicationContext : Root WebApplicationContext: initialization completed in 1716 ms
2020-07-21 22:28:10.974  INFO 78315 --- [           main] o.s.s.concurrent.ThreadPoolTaskExecutor  : Initializing ExecutorService 'applicationTaskExecutor'
2020-07-21 22:28:11.016  INFO 78315 --- [         task-1] o.hibernate.jpa.internal.util.LogHelper  : HHH000204: Processing PersistenceUnitInfo [name: default]
2020-07-21 22:28:11.031  INFO 78315 --- [         task-1] com.zaxxer.hikari.HikariDataSource       : HikariPool-1 - Starting...
2020-07-21 22:28:11.198  WARN 78315 --- [           main] JpaBaseConfiguration$JpaWebConfiguration : spring.jpa.open-in-view is enabled by default. Therefore, database queries may be performed during view rendering. Explicitly configure spring.jpa.open-in-view to disable this warning
2020-07-21 22:28:11.710  INFO 78315 --- [           main] o.s.s.web.DefaultSecurityFilterChain     : Creating filter chain: any request, [org.springframework.security.web.context.request.async.WebAsyncManagerIntegrationFilter@7962a364, org.springframework.security.web.context.SecurityContextPersistenceFilter@1be3e952, org.springframework.security.web.header.HeaderWriterFilter@689fcf08, org.springframework.security.web.authentication.logout.LogoutFilter@4d204b30, org.springframework.security.web.authentication.www.BasicAuthenticationFilter@701da311, org.springframework.security.web.savedrequest.RequestCacheAwareFilter@495e1ad1, org.springframework.security.web.servletapi.SecurityContextHolderAwareRequestFilter@7a3f3bc4, org.springframework.security.web.authentication.AnonymousAuthenticationFilter@756030e2, org.springframework.security.web.session.SessionManagementFilter@5b5d6f9c, org.springframework.security.web.access.ExceptionTranslationFilter@4eb3b690, org.springframework.security.web.access.intercept.FilterSecurityInterceptor@1c149539]
2020-07-21 22:28:11.711  INFO 78315 --- [         task-1] com.zaxxer.hikari.HikariDataSource       : HikariPool-1 - Start completed.
2020-07-21 22:28:11.725  INFO 78315 --- [         task-1] org.hibernate.dialect.Dialect            : HHH000400: Using dialect: org.hibernate.dialect.SQLServer2012Dialect
2020-07-21 22:28:12.035  INFO 78315 --- [         task-1] o.h.e.t.j.p.i.JtaPlatformInitiator       : HHH000490: Using JtaPlatform implementation: [org.hibernate.engine.transaction.jta.platform.internal.NoJtaPlatform]
2020-07-21 22:28:12.037  INFO 78315 --- [         task-1] j.LocalContainerEntityManagerFactoryBean : Initialized JPA EntityManagerFactory for persistence unit 'default'
2020-07-21 22:28:12.769  INFO 78315 --- [           main] o.a.c.c.C.[Tomcat].[localhost].[/]       : Initializing Spring TestDispatcherServlet ''
2020-07-21 22:28:12.770  INFO 78315 --- [           main] o.s.t.web.servlet.TestDispatcherServlet  : Initializing Servlet ''
2020-07-21 22:28:12.787  INFO 78315 --- [           main] o.s.t.web.servlet.TestDispatcherServlet  : Completed initialization in 17 ms
2020-07-21 22:28:12.860  INFO 78315 --- [           main] o.s.b.w.embedded.tomcat.TomcatWebServer  : Tomcat started on port(s): 62315 (http) with context path ''
2020-07-21 22:28:12.861  INFO 78315 --- [           main] DeferredRepositoryInitializationListener : Triggering deferred initialization of Spring Data repositories…
2020-07-21 22:28:12.917  INFO 78315 --- [           main] DeferredRepositoryInitializationListener : Spring Data repositories initialized!
2020-07-21 22:28:12.927  INFO 78315 --- [           main] b.c.b.demo.EstudanteEndpointTest         : Started EstudanteEndpointTest in 4.197 seconds (JVM running for 11.894)
]]></system-out>
  </testcase>
  <testcase name="listarEstudanteQuandoUsuarioESenhaEstivremCorretosRetornandoStatusCode200" classname="br.com.bytescorp.demo.EstudanteEndpointTest" time="0.543"/>
  <testcase name="listarEstudanteQuandoUsuarioESenhaEstivremIncorretosRetornandoStatusCode401" classname="br.com.bytescorp.demo.EstudanteEndpointTest" time="0.177"/>
  <testcase name="obterEstudanteQuandoUsuarioESenhaEstivremIncorretosRetornandoStatusCode401" classname="br.com.bytescorp.demo.EstudanteEndpointTest" time="0.121"/>
  <testcase name="excluirQuandoUsuarioPossuirRoleAdminEEstudanteExistirRetornandoStatusCode200" classname="br.com.bytescorp.demo.EstudanteEndpointTest" time="0.058"/>
  <testcase name="obterEstudanteQuandoUsuarioESenhaEstivremCorretosEEstundateNaoEncontradoRetornandoStatusCode404" classname="br.com.bytescorp.demo.EstudanteEndpointTest" time="0.004">
    <error message="I/O error on GET request for &quot;http://localhost:8080/v1/usuario/estudantes/obterEstudantePorNome/Doninha&quot;: Connection refused; nested exception is java.net.ConnectException: Connection refused" type="org.springframework.web.client.ResourceAccessException">org.springframework.web.client.ResourceAccessException: I/O error on GET request for "http://localhost:8080/v1/usuario/estudantes/obterEstudantePorNome/Doninha": Connection refused; nested exception is java.net.ConnectException: Connection refused
	at br.com.bytescorp.demo.EstudanteEndpointTest.obterEstudanteQuandoUsuarioESenhaEstivremCorretosEEstundateNaoEncontradoRetornandoStatusCode404(EstudanteEndpointTest.java:100)
Caused by: java.net.ConnectException: Connection refused
	at br.com.bytescorp.demo.EstudanteEndpointTest.obterEstudanteQuandoUsuarioESenhaEstivremCorretosEEstundateNaoEncontradoRetornandoStatusCode404(EstudanteEndpointTest.java:100)
</error>
  </testcase>
</testsuite>